This is pdfTeX, Version 3.14159265-2.6-1.40.21 (MiKTeX 20.7) (preloaded format=pdflatex 2020.9.5)  6 SEP 2020 20:05
entering extended mode
**./codigo.tex
(codigo.tex
LaTeX2e <2020-02-02> patch level 5
L3 programming layer <2020-08-07>
("C:\Users\acamo\AppData\Local\Programs\MiKTeX 2.9\tex/latex/elsarticle\elsarti
cle.cls"
Document Class: elsarticle 2019/02/25, 3.2: Elsevier Ltd
\@bls=\dimen134
("C:\Users\acamo\AppData\Local\Programs\MiKTeX 2.9\tex/latex/base\article.cls"
Document Class: article 2019/12/20 v1.4l Standard LaTeX document class
("C:\Users\acamo\AppData\Local\Programs\MiKTeX 2.9\tex/latex/base\size10.clo"
File: size10.clo 2019/12/20 v1.4l Standard LaTeX file (size option)
)
\c@part=\count168
\c@section=\count169
\c@subsection=\count170
\c@subsubsection=\count171
\c@paragraph=\count172
\c@subparagraph=\count173
\c@figure=\count174
\c@table=\count175
\abovecaptionskip=\skip47
\belowcaptionskip=\skip48
\bibindent=\dimen135
)
("C:\Users\acamo\AppData\Local\Programs\MiKTeX 2.9\tex/latex/graphics\graphicx.
sty"
Package: graphicx 2019/11/30 v1.2a Enhanced LaTeX Graphics (DPC,SPQR)

("C:\Users\acamo\AppData\Local\Programs\MiKTeX 2.9\tex/latex/graphics\keyval.st
y"
Package: keyval 2014/10/28 v1.15 key=value parser (DPC)
\KV@toks@=\toks15
)
("C:\Users\acamo\AppData\Local\Programs\MiKTeX 2.9\tex/latex/graphics\graphics.
sty"
Package: graphics 2019/11/30 v1.4a Standard LaTeX Graphics (DPC,SPQR)

("C:\Users\acamo\AppData\Local\Programs\MiKTeX 2.9\tex/latex/graphics\trig.sty"
Package: trig 2016/01/03 v1.10 sin cos tan (DPC)
)
("C:\Users\acamo\AppData\Local\Programs\MiKTeX 2.9\tex/latex/graphics-cfg\graph
ics.cfg"
File: graphics.cfg 2016/06/04 v1.11 sample graphics configuration
)
Package graphics Info: Driver file: pdftex.def on input line 105.

("C:\Users\acamo\AppData\Local\Programs\MiKTeX 2.9\tex/latex/graphics-def\pdfte
x.def"
File: pdftex.def 2018/01/08 v1.0l Graphics/color driver for pdftex
))
\Gin@req@height=\dimen136
\Gin@req@width=\dimen137
)
\c@tnote=\count176
\c@fnote=\count177
\c@cnote=\count178
\c@ead=\count179
\c@author=\count180
\@eadauthor=\toks16
\c@affn=\count181
\absbox=\box45
\elsarticlehighlightsbox=\box46
\elsarticlegrabsbox=\box47
\keybox=\box48
\Columnwidth=\dimen138
\space@left=\dimen139
\els@boxa=\box49
\els@boxb=\box50
\leftMargin=\dimen140
\@enLab=\toks17
\@sep=\skip49
\@@sep=\skip50
 (codigo.spl)
("C:\Users\acamo\AppData\Local\Programs\MiKTeX 2.9\tex/latex/natbib\natbib.sty"
Package: natbib 2010/09/13 8.31b (PWD, AO)
\bibhang=\skip51
\bibsep=\skip52
LaTeX Info: Redefining \cite on input line 694.
\c@NAT@ctr=\count182
)
\splwrite=\write3
\openout3 = `codigo.spl'.

\appnamewidth=\dimen141
)
("C:\Users\acamo\AppData\Local\Programs\MiKTeX 2.9\tex/latex/tcolorbox\tcolorbo
x.sty"
Package: tcolorbox 2020/07/31 version 4.31 text color boxes

("C:\Users\acamo\AppData\Local\Programs\MiKTeX 2.9\tex/latex/pgf/basiclayer\pgf
.sty"
("C:\Users\acamo\AppData\Local\Programs\MiKTeX 2.9\tex/latex/pgf/utilities\pgfr
cs.sty"
("C:\Users\acamo\AppData\Local\Programs\MiKTeX 2.9\tex/generic/pgf/utilities\pg
futil-common.tex"
\pgfutil@everybye=\toks18
\pgfutil@tempdima=\dimen142
\pgfutil@tempdimb=\dimen143

("C:\Users\acamo\AppData\Local\Programs\MiKTeX 2.9\tex/generic/pgf/utilities\pg
futil-common-lists.tex"))
("C:\Users\acamo\AppData\Local\Programs\MiKTeX 2.9\tex/generic/pgf/utilities\pg
futil-latex.def"
\pgfutil@abb=\box51

("C:\Users\acamo\AppData\Local\Programs\MiKTeX 2.9\tex/latex/ms\everyshi.sty"
Package: everyshi 2001/05/15 v3.00 EveryShipout Package (MS)
))
("C:\Users\acamo\AppData\Local\Programs\MiKTeX 2.9\tex/generic/pgf/utilities\pg
frcs.code.tex"
("C:\Users\acamo\AppData\Local\Programs\MiKTeX 2.9\tex/generic/pgf\pgf.revision
.tex")
Package: pgfrcs 2020/01/08 v3.1.5b (3.1.5b)
))
Package: pgf 2020/01/08 v3.1.5b (3.1.5b)

("C:\Users\acamo\AppData\Local\Programs\MiKTeX 2.9\tex/latex/pgf/basiclayer\pgf
core.sty"
("C:\Users\acamo\AppData\Local\Programs\MiKTeX 2.9\tex/latex/pgf/systemlayer\pg
fsys.sty"
("C:\Users\acamo\AppData\Local\Programs\MiKTeX 2.9\tex/generic/pgf/systemlayer\
pgfsys.code.tex"
Package: pgfsys 2020/01/08 v3.1.5b (3.1.5b)

("C:\Users\acamo\AppData\Local\Programs\MiKTeX 2.9\tex/generic/pgf/utilities\pg
fkeys.code.tex"
\pgfkeys@pathtoks=\toks19
\pgfkeys@temptoks=\toks20

("C:\Users\acamo\AppData\Local\Programs\MiKTeX 2.9\tex/generic/pgf/utilities\pg
fkeysfiltered.code.tex"
\pgfkeys@tmptoks=\toks21
))
\pgf@x=\dimen144
\pgf@y=\dimen145
\pgf@xa=\dimen146
\pgf@ya=\dimen147
\pgf@xb=\dimen148
\pgf@yb=\dimen149
\pgf@xc=\dimen150
\pgf@yc=\dimen151
\pgf@xd=\dimen152
\pgf@yd=\dimen153
\w@pgf@writea=\write4
\r@pgf@reada=\read2
\c@pgf@counta=\count183
\c@pgf@countb=\count184
\c@pgf@countc=\count185
\c@pgf@countd=\count186
\t@pgf@toka=\toks22
\t@pgf@tokb=\toks23
\t@pgf@tokc=\toks24
\pgf@sys@id@count=\count187

("C:\Users\acamo\AppData\Local\Programs\MiKTeX 2.9\tex/generic/pgf/systemlayer\
pgf.cfg"
File: pgf.cfg 2020/01/08 v3.1.5b (3.1.5b)
)
Driver file for pgf: pgfsys-pdftex.def

("C:\Users\acamo\AppData\Local\Programs\MiKTeX 2.9\tex/generic/pgf/systemlayer\
pgfsys-pdftex.def"
File: pgfsys-pdftex.def 2020/01/08 v3.1.5b (3.1.5b)

("C:\Users\acamo\AppData\Local\Programs\MiKTeX 2.9\tex/generic/pgf/systemlayer\
pgfsys-common-pdf.def"
File: pgfsys-common-pdf.def 2020/01/08 v3.1.5b (3.1.5b)
)))
("C:\Users\acamo\AppData\Local\Programs\MiKTeX 2.9\tex/generic/pgf/systemlayer\
pgfsyssoftpath.code.tex"
File: pgfsyssoftpath.code.tex 2020/01/08 v3.1.5b (3.1.5b)
\pgfsyssoftpath@smallbuffer@items=\count188
\pgfsyssoftpath@bigbuffer@items=\count189
)
("C:\Users\acamo\AppData\Local\Programs\MiKTeX 2.9\tex/generic/pgf/systemlayer\
pgfsysprotocol.code.tex"
File: pgfsysprotocol.code.tex 2020/01/08 v3.1.5b (3.1.5b)
))
("C:\Users\acamo\AppData\Local\Programs\MiKTeX 2.9\tex/latex/xcolor\xcolor.sty"
Package: xcolor 2016/05/11 v2.12 LaTeX color extensions (UK)

("C:\Users\acamo\AppData\Local\Programs\MiKTeX 2.9\tex/latex/graphics-cfg\color
.cfg"
File: color.cfg 2016/01/02 v1.6 sample color configuration
)
Package xcolor Info: Driver file: pdftex.def on input line 225.
Package xcolor Info: Model `cmy' substituted by `cmy0' on input line 1348.
Package xcolor Info: Model `hsb' substituted by `rgb' on input line 1352.
Package xcolor Info: Model `RGB' extended on input line 1364.
Package xcolor Info: Model `HTML' substituted by `rgb' on input line 1366.
Package xcolor Info: Model `Hsb' substituted by `hsb' on input line 1367.
Package xcolor Info: Model `tHsb' substituted by `hsb' on input line 1368.
Package xcolor Info: Model `HSB' substituted by `hsb' on input line 1369.
Package xcolor Info: Model `Gray' substituted by `gray' on input line 1370.
Package xcolor Info: Model `wave' substituted by `hsb' on input line 1371.
)
("C:\Users\acamo\AppData\Local\Programs\MiKTeX 2.9\tex/generic/pgf/basiclayer\p
gfcore.code.tex"
Package: pgfcore 2020/01/08 v3.1.5b (3.1.5b)

("C:\Users\acamo\AppData\Local\Programs\MiKTeX 2.9\tex/generic/pgf/math\pgfmath
.code.tex"
("C:\Users\acamo\AppData\Local\Programs\MiKTeX 2.9\tex/generic/pgf/math\pgfmath
calc.code.tex"
("C:\Users\acamo\AppData\Local\Programs\MiKTeX 2.9\tex/generic/pgf/math\pgfmath
util.code.tex")
("C:\Users\acamo\AppData\Local\Programs\MiKTeX 2.9\tex/generic/pgf/math\pgfmath
parser.code.tex"
\pgfmath@dimen=\dimen154
\pgfmath@count=\count190
\pgfmath@box=\box52
\pgfmath@toks=\toks25
\pgfmath@stack@operand=\toks26
\pgfmath@stack@operation=\toks27
)
("C:\Users\acamo\AppData\Local\Programs\MiKTeX 2.9\tex/generic/pgf/math\pgfmath
functions.code.tex"
("C:\Users\acamo\AppData\Local\Programs\MiKTeX 2.9\tex/generic/pgf/math\pgfmath
functions.basic.code.tex")
("C:\Users\acamo\AppData\Local\Programs\MiKTeX 2.9\tex/generic/pgf/math\pgfmath
functions.trigonometric.code.tex")
("C:\Users\acamo\AppData\Local\Programs\MiKTeX 2.9\tex/generic/pgf/math\pgfmath
functions.random.code.tex")
("C:\Users\acamo\AppData\Local\Programs\MiKTeX 2.9\tex/generic/pgf/math\pgfmath
functions.comparison.code.tex")
("C:\Users\acamo\AppData\Local\Programs\MiKTeX 2.9\tex/generic/pgf/math\pgfmath
functions.base.code.tex")
("C:\Users\acamo\AppData\Local\Programs\MiKTeX 2.9\tex/generic/pgf/math\pgfmath
functions.round.code.tex")
("C:\Users\acamo\AppData\Local\Programs\MiKTeX 2.9\tex/generic/pgf/math\pgfmath
functions.misc.code.tex")
("C:\Users\acamo\AppData\Local\Programs\MiKTeX 2.9\tex/generic/pgf/math\pgfmath
functions.integerarithmetics.code.tex")))
("C:\Users\acamo\AppData\Local\Programs\MiKTeX 2.9\tex/generic/pgf/math\pgfmath
float.code.tex"
\c@pgfmathroundto@lastzeros=\count191
))
("C:\Users\acamo\AppData\Local\Programs\MiKTeX 2.9\tex/generic/pgf/math\pgfint.
code.tex")
("C:\Users\acamo\AppData\Local\Programs\MiKTeX 2.9\tex/generic/pgf/basiclayer\p
gfcorepoints.code.tex"
File: pgfcorepoints.code.tex 2020/01/08 v3.1.5b (3.1.5b)
\pgf@picminx=\dimen155
\pgf@picmaxx=\dimen156
\pgf@picminy=\dimen157
\pgf@picmaxy=\dimen158
\pgf@pathminx=\dimen159
\pgf@pathmaxx=\dimen160
\pgf@pathminy=\dimen161
\pgf@pathmaxy=\dimen162
\pgf@xx=\dimen163
\pgf@xy=\dimen164
\pgf@yx=\dimen165
\pgf@yy=\dimen166
\pgf@zx=\dimen167
\pgf@zy=\dimen168
)
("C:\Users\acamo\AppData\Local\Programs\MiKTeX 2.9\tex/generic/pgf/basiclayer\p
gfcorepathconstruct.code.tex"
File: pgfcorepathconstruct.code.tex 2020/01/08 v3.1.5b (3.1.5b)
\pgf@path@lastx=\dimen169
\pgf@path@lasty=\dimen170
)
("C:\Users\acamo\AppData\Local\Programs\MiKTeX 2.9\tex/generic/pgf/basiclayer\p
gfcorepathusage.code.tex"
File: pgfcorepathusage.code.tex 2020/01/08 v3.1.5b (3.1.5b)
\pgf@shorten@end@additional=\dimen171
\pgf@shorten@start@additional=\dimen172
)
("C:\Users\acamo\AppData\Local\Programs\MiKTeX 2.9\tex/generic/pgf/basiclayer\p
gfcorescopes.code.tex"
File: pgfcorescopes.code.tex 2020/01/08 v3.1.5b (3.1.5b)
\pgfpic=\box53
\pgf@hbox=\box54
\pgf@layerbox@main=\box55
\pgf@picture@serial@count=\count192
)
("C:\Users\acamo\AppData\Local\Programs\MiKTeX 2.9\tex/generic/pgf/basiclayer\p
gfcoregraphicstate.code.tex"
File: pgfcoregraphicstate.code.tex 2020/01/08 v3.1.5b (3.1.5b)
\pgflinewidth=\dimen173
)
("C:\Users\acamo\AppData\Local\Programs\MiKTeX 2.9\tex/generic/pgf/basiclayer\p
gfcoretransformations.code.tex"
File: pgfcoretransformations.code.tex 2020/01/08 v3.1.5b (3.1.5b)
\pgf@pt@x=\dimen174
\pgf@pt@y=\dimen175
\pgf@pt@temp=\dimen176
)
("C:\Users\acamo\AppData\Local\Programs\MiKTeX 2.9\tex/generic/pgf/basiclayer\p
gfcorequick.code.tex"
File: pgfcorequick.code.tex 2020/01/08 v3.1.5b (3.1.5b)
)
("C:\Users\acamo\AppData\Local\Programs\MiKTeX 2.9\tex/generic/pgf/basiclayer\p
gfcoreobjects.code.tex"
File: pgfcoreobjects.code.tex 2020/01/08 v3.1.5b (3.1.5b)
)
("C:\Users\acamo\AppData\Local\Programs\MiKTeX 2.9\tex/generic/pgf/basiclayer\p
gfcorepathprocessing.code.tex"
File: pgfcorepathprocessing.code.tex 2020/01/08 v3.1.5b (3.1.5b)
)
("C:\Users\acamo\AppData\Local\Programs\MiKTeX 2.9\tex/generic/pgf/basiclayer\p
gfcorearrows.code.tex"
File: pgfcorearrows.code.tex 2020/01/08 v3.1.5b (3.1.5b)
\pgfarrowsep=\dimen177
)
("C:\Users\acamo\AppData\Local\Programs\MiKTeX 2.9\tex/generic/pgf/basiclayer\p
gfcoreshade.code.tex"
File: pgfcoreshade.code.tex 2020/01/08 v3.1.5b (3.1.5b)
\pgf@max=\dimen178
\pgf@sys@shading@range@num=\count193
\pgf@shadingcount=\count194
)
("C:\Users\acamo\AppData\Local\Programs\MiKTeX 2.9\tex/generic/pgf/basiclayer\p
gfcoreimage.code.tex"
File: pgfcoreimage.code.tex 2020/01/08 v3.1.5b (3.1.5b)

("C:\Users\acamo\AppData\Local\Programs\MiKTeX 2.9\tex/generic/pgf/basiclayer\p
gfcoreexternal.code.tex"
File: pgfcoreexternal.code.tex 2020/01/08 v3.1.5b (3.1.5b)
\pgfexternal@startupbox=\box56
))
("C:\Users\acamo\AppData\Local\Programs\MiKTeX 2.9\tex/generic/pgf/basiclayer\p
gfcorelayers.code.tex"
File: pgfcorelayers.code.tex 2020/01/08 v3.1.5b (3.1.5b)
)
("C:\Users\acamo\AppData\Local\Programs\MiKTeX 2.9\tex/generic/pgf/basiclayer\p
gfcoretransparency.code.tex"
File: pgfcoretransparency.code.tex 2020/01/08 v3.1.5b (3.1.5b)
)
("C:\Users\acamo\AppData\Local\Programs\MiKTeX 2.9\tex/generic/pgf/basiclayer\p
gfcorepatterns.code.tex"
File: pgfcorepatterns.code.tex 2020/01/08 v3.1.5b (3.1.5b)
)
("C:\Users\acamo\AppData\Local\Programs\MiKTeX 2.9\tex/generic/pgf/basiclayer\p
gfcorerdf.code.tex"
File: pgfcorerdf.code.tex 2020/01/08 v3.1.5b (3.1.5b)
)))
("C:\Users\acamo\AppData\Local\Programs\MiKTeX 2.9\tex/generic/pgf/modules\pgfm
oduleshapes.code.tex"
File: pgfmoduleshapes.code.tex 2020/01/08 v3.1.5b (3.1.5b)
\pgfnodeparttextbox=\box57
)
("C:\Users\acamo\AppData\Local\Programs\MiKTeX 2.9\tex/generic/pgf/modules\pgfm
oduleplot.code.tex"
File: pgfmoduleplot.code.tex 2020/01/08 v3.1.5b (3.1.5b)
)
("C:\Users\acamo\AppData\Local\Programs\MiKTeX 2.9\tex/latex/pgf/compatibility\
pgfcomp-version-0-65.sty"
Package: pgfcomp-version-0-65 2020/01/08 v3.1.5b (3.1.5b)
\pgf@nodesepstart=\dimen179
\pgf@nodesepend=\dimen180
)
("C:\Users\acamo\AppData\Local\Programs\MiKTeX 2.9\tex/latex/pgf/compatibility\
pgfcomp-version-1-18.sty"
Package: pgfcomp-version-1-18 2020/01/08 v3.1.5b (3.1.5b)
))
("C:\Users\acamo\AppData\Local\Programs\MiKTeX 2.9\tex/latex/tools\verbatim.sty
"
Package: verbatim 2019/11/10 v1.5r LaTeX2e package for verbatim enhancements
\every@verbatim=\toks28
\verbatim@line=\toks29
\verbatim@in@stream=\read3
)
("C:\Users\acamo\AppData\Local\Programs\MiKTeX 2.9\tex/latex/environ\environ.st
y"
Package: environ 2014/05/04 v0.3 A new way to define environments

("C:\Users\acamo\AppData\Local\Programs\MiKTeX 2.9\tex/latex/trimspaces\trimspa
ces.sty"
Package: trimspaces 2009/09/17 v1.1 Trim spaces around a token list
)
\@envbody=\toks30
)
("C:\Users\acamo\AppData\Local\Programs\MiKTeX 2.9\tex/latex/etoolbox\etoolbox.
sty"
Package: etoolbox 2020/08/24 v2.5j e-TeX tools for LaTeX (JAW)
\etb@tempcnta=\count195
)
\tcb@titlebox=\box58
\tcb@upperbox=\box59
\tcb@lowerbox=\box60
\tcb@phantombox=\box61
\c@tcbbreakpart=\count196
\c@tcblayer=\count197
\c@tcolorbox@number=\count198
\tcb@temp=\box62
\tcb@temp=\box63
\tcb@temp=\box64
\tcb@temp=\box65
\tcb@out=\write5
\tcb@record@out=\write6

("C:\Users\acamo\AppData\Local\Programs\MiKTeX 2.9\tex/latex/tcolorbox\tcbbreak
able.code.tex"
Library (tcolorbox): 'tcbbreakable.code.tex' version '4.31'
\tcb@testbox=\box66
\tcb@totalupperbox=\box67
\tcb@totallowerbox=\box68
))
("C:\Users\acamo\AppData\Local\Programs\MiKTeX 2.9\tex/latex/parskip\parskip.st
y"
Package: parskip 2020-06-15 v2.0f non-zero parskip adjustments

("C:\Users\acamo\AppData\Local\Programs\MiKTeX 2.9\tex/latex/kvoptions\kvoption
s.sty"
Package: kvoptions 2019/11/29 v3.13 Key value format for package options (HO)

("C:\Users\acamo\AppData\Local\Programs\MiKTeX 2.9\tex/generic/ltxcmds\ltxcmds.
sty"
Package: ltxcmds 2019/12/15 v1.24 LaTeX kernel commands for general use (HO)
)
("C:\Users\acamo\AppData\Local\Programs\MiKTeX 2.9\tex/generic/kvsetkeys\kvsetk
eys.sty"
Package: kvsetkeys 2019/12/15 v1.18 Key value parser (HO)
)))
("C:\Users\acamo\AppData\Local\Programs\MiKTeX 2.9\tex/generic/iftex\iftex.sty"
Package: iftex 2020/03/06 v1.0d TeX engine tests
) ("C:\Users\acamo\AppData\Local\Programs\MiKTeX 2.9\tex/latex/base\fontenc.sty
"
Package: fontenc 2020/02/11 v2.0o Standard LaTeX package
)
("C:\Users\acamo\AppData\Local\Programs\MiKTeX 2.9\tex/latex/psnfss\mathpazo.st
y"
Package: mathpazo 2020/03/25 PSNFSS-v9.3 Palatino w/ Pazo Math (D.Puga, WaS) 
\symupright=\mathgroup4
)
("C:\Users\acamo\AppData\Local\Programs\MiKTeX 2.9\tex/latex/caption\caption.st
y"
Package: caption 2020/05/30 v3.4k Customizing captions (AR)

("C:\Users\acamo\AppData\Local\Programs\MiKTeX 2.9\tex/latex/caption\caption3.s
ty"
Package: caption3 2020/07/20 v1.12b caption3 kernel (AR)
Package caption3 Info: TeX engine: e-TeX on input line 61.
\captionmargin=\dimen181
\captionmargin@=\dimen182
\captionwidth=\dimen183
\caption@tempdima=\dimen184
\caption@indent=\dimen185
\caption@parindent=\dimen186
\caption@hangindent=\dimen187
Package caption Info: elsarticle document class detected.
)
\c@caption@flags=\count199
\c@continuedfloat=\count266
)
("C:\Users\acamo\AppData\Local\Programs\MiKTeX 2.9\tex/latex/adjustbox\adjustbo
x.sty"
Package: adjustbox 2020/08/19 v1.3 Adjusting TeX boxes (trim, clip, ...)

("C:\Users\acamo\AppData\Local\Programs\MiKTeX 2.9\tex/latex/xkeyval\xkeyval.st
y"
Package: xkeyval 2014/12/03 v2.7a package option processing (HA)

("C:\Users\acamo\AppData\Local\Programs\MiKTeX 2.9\tex/generic/xkeyval\xkeyval.
tex"
("C:\Users\acamo\AppData\Local\Programs\MiKTeX 2.9\tex/generic/xkeyval\xkvutils
.tex"
\XKV@toks=\toks31
\XKV@tempa@toks=\toks32
)
\XKV@depth=\count267
File: xkeyval.tex 2014/12/03 v2.7a key=value parser (HA)
))
("C:\Users\acamo\AppData\Local\Programs\MiKTeX 2.9\tex/latex/adjustbox\adjcalc.
sty"
Package: adjcalc 2012/05/16 v1.1 Provides advanced setlength with multiple back
-ends (calc, etex, pgfmath)
)
("C:\Users\acamo\AppData\Local\Programs\MiKTeX 2.9\tex/latex/adjustbox\trimclip
.sty"
Package: trimclip 2020/08/19 v1.2 Trim and clip general TeX material

("C:\Users\acamo\AppData\Local\Programs\MiKTeX 2.9\tex/latex/collectbox\collect
box.sty"
Package: collectbox 2012/05/17 v0.4b Collect macro arguments as boxes
\collectedbox=\box69
)
\tc@llx=\dimen188
\tc@lly=\dimen189
\tc@urx=\dimen190
\tc@ury=\dimen191
Package trimclip Info: Using driver 'tc-pdftex.def'.

("C:\Users\acamo\AppData\Local\Programs\MiKTeX 2.9\tex/latex/adjustbox\tc-pdfte
x.def"
File: tc-pdftex.def 2019/01/04 v2.2 Clipping driver for pdftex
))
\adjbox@Width=\dimen192
\adjbox@Height=\dimen193
\adjbox@Depth=\dimen194
\adjbox@Totalheight=\dimen195
\adjbox@pwidth=\dimen196
\adjbox@pheight=\dimen197
\adjbox@pdepth=\dimen198
\adjbox@ptotalheight=\dimen199

("C:\Users\acamo\AppData\Local\Programs\MiKTeX 2.9\tex/latex/ifoddpage\ifoddpag
e.sty"
Package: ifoddpage 2016/04/23 v1.1 Conditionals for odd/even page detection
\c@checkoddpage=\count268
)
("C:\Users\acamo\AppData\Local\Programs\MiKTeX 2.9\tex/latex/varwidth\varwidth.
sty"
Package: varwidth 2009/03/30 ver 0.92;  Variable-width minipages
\@vwid@box=\box70
\sift@deathcycles=\count269
\@vwid@loff=\dimen256
\@vwid@roff=\dimen257
))
("C:\Users\acamo\AppData\Local\Programs\MiKTeX 2.9\tex/latex/float\float.sty"
Package: float 2001/11/08 v1.3d Float enhancements (AL)
\c@float@type=\count270
\float@exts=\toks33
\float@box=\box71
\@float@everytoks=\toks34
\@floatcapt=\box72
)
("C:\Users\acamo\AppData\Local\Programs\MiKTeX 2.9\tex/latex/tools\enumerate.st
y"
Package: enumerate 2015/07/23 v3.00 enumerate extensions (DPC)
\@enLab=\toks35
)
("C:\Users\acamo\AppData\Local\Programs\MiKTeX 2.9\tex/latex/geometry\geometry.
sty"
Package: geometry 2020/01/02 v5.9 Page Geometry

("C:\Users\acamo\AppData\Local\Programs\MiKTeX 2.9\tex/generic/iftex\ifvtex.sty
"
Package: ifvtex 2019/10/25 v1.7 ifvtex legacy package. Use iftex instead.
)
\Gm@cnth=\count271
\Gm@cntv=\count272
\c@Gm@tempcnt=\count273
\Gm@bindingoffset=\dimen258
\Gm@wd@mp=\dimen259
\Gm@odd@mp=\dimen260
\Gm@even@mp=\dimen261
\Gm@layoutwidth=\dimen262
\Gm@layoutheight=\dimen263
\Gm@layouthoffset=\dimen264
\Gm@layoutvoffset=\dimen265
\Gm@dimlist=\toks36

("C:\Users\acamo\AppData\Local\Programs\MiKTeX 2.9\tex/latex/geometry\geometry.
cfg"))
("C:\Users\acamo\AppData\Local\Programs\MiKTeX 2.9\tex/latex/amsmath\amsmath.st
y"
Package: amsmath 2020/01/20 v2.17e AMS math features
\@mathmargin=\skip53

For additional information on amsmath, use the `?' option.

("C:\Users\acamo\AppData\Local\Programs\MiKTeX 2.9\tex/latex/amsmath\amstext.st
y"
Package: amstext 2000/06/29 v2.01 AMS text

("C:\Users\acamo\AppData\Local\Programs\MiKTeX 2.9\tex/latex/amsmath\amsgen.sty
"
File: amsgen.sty 1999/11/30 v2.0 generic functions
\@emptytoks=\toks37
\ex@=\dimen266
))
("C:\Users\acamo\AppData\Local\Programs\MiKTeX 2.9\tex/latex/amsmath\amsbsy.sty
"
Package: amsbsy 1999/11/29 v1.2d Bold Symbols
\pmbraise@=\dimen267
)
("C:\Users\acamo\AppData\Local\Programs\MiKTeX 2.9\tex/latex/amsmath\amsopn.sty
"
Package: amsopn 2016/03/08 v2.02 operator names
)
\inf@bad=\count274
LaTeX Info: Redefining \frac on input line 227.
\uproot@=\count275
\leftroot@=\count276
LaTeX Info: Redefining \overline on input line 389.
\classnum@=\count277
\DOTSCASE@=\count278
LaTeX Info: Redefining \ldots on input line 486.
LaTeX Info: Redefining \dots on input line 489.
LaTeX Info: Redefining \cdots on input line 610.
\Mathstrutbox@=\box73
\strutbox@=\box74
\big@size=\dimen268
LaTeX Font Info:    Redeclaring font encoding OML on input line 733.
LaTeX Font Info:    Redeclaring font encoding OMS on input line 734.
\macc@depth=\count279
\c@MaxMatrixCols=\count280
\dotsspace@=\muskip16
\c@parentequation=\count281
\dspbrk@lvl=\count282
\tag@help=\toks38
\row@=\count283
\column@=\count284
\maxfields@=\count285
\andhelp@=\toks39
\eqnshift@=\dimen269
\alignsep@=\dimen270
\tagshift@=\dimen271
\tagwidth@=\dimen272
\totwidth@=\dimen273
\lineht@=\dimen274
\@envbody=\toks40
\multlinegap=\skip54
\multlinetaggap=\skip55
\mathdisplay@stack=\toks41
LaTeX Info: Redefining \[ on input line 2859.
LaTeX Info: Redefining \] on input line 2860.
)
("C:\Users\acamo\AppData\Local\Programs\MiKTeX 2.9\tex/latex/amsfonts\amssymb.s
ty"
Package: amssymb 2013/01/14 v3.01 AMS font symbols

("C:\Users\acamo\AppData\Local\Programs\MiKTeX 2.9\tex/latex/amsfonts\amsfonts.
sty"
Package: amsfonts 2013/01/14 v3.01 Basic AMSFonts support
\symAMSa=\mathgroup5
\symAMSb=\mathgroup6
LaTeX Font Info:    Redeclaring math symbol \hbar on input line 98.
LaTeX Font Info:    Overwriting math alphabet `\mathfrak' in version `bold'
(Font)                  U/euf/m/n --> U/euf/b/n on input line 106.
))
("C:\Users\acamo\AppData\Local\Programs\MiKTeX 2.9\tex/latex/base\textcomp.sty"
Package: textcomp 2020/02/02 v2.0n Standard LaTeX package
)
("C:\Users\acamo\AppData\Local\Programs\MiKTeX 2.9\tex/latex/upquote\upquote.st
y"
Package: upquote 2012/04/19 v1.3 upright-quote and grave-accent glyphs in verba
tim
)
("C:\Users\acamo\AppData\Local\Programs\MiKTeX 2.9\tex/latex/eurosym\eurosym.st
y"
Package: eurosym 1998/08/06 v1.1 European currency symbol ``Euro''
\@eurobox=\box75
) ("C:\Users\acamo\AppData\Local\Programs\MiKTeX 2.9\tex/latex/ucs\ucs.sty"
Package: ucs 2013/05/11 v2.2 UCS: Unicode input support

("C:\Users\acamo\AppData\Local\Programs\MiKTeX 2.9\tex/latex/ucs\uni-global.def
"
File: uni-global.def 2013/05/13 UCS: Unicode global data
)
\uc@secondtry=\count286
\uc@combtoks=\toks42
\uc@combtoksb=\toks43
\uc@temptokena=\toks44
)
("C:\Users\acamo\AppData\Local\Programs\MiKTeX 2.9\tex/latex/fancyvrb\fancyvrb.
sty"
Package: fancyvrb 2020/05/03 v3.6 verbatim text (tvz,hv)
\FV@CodeLineNo=\count287
\FV@InFile=\read4
\FV@TabBox=\box76
\c@FancyVerbLine=\count288
\FV@StepNumber=\count289
\FV@OutFile=\write7
)
("C:\Users\acamo\AppData\Local\Programs\MiKTeX 2.9\tex/latex/grffile\grffile.st
y"
Package: grffile 2019/11/11 v2.1 Extended file name support for graphics (legac
y)
Package grffile Info: This package is an empty stub for compatibility on input 
line 40.
)
("C:\Users\acamo\AppData\Local\Programs\MiKTeX 2.9\tex/latex/hyperref\hyperref.
sty"
Package: hyperref 2020-05-15 v7.00e Hypertext links for LaTeX

("C:\Users\acamo\AppData\Local\Programs\MiKTeX 2.9\tex/generic/pdftexcmds\pdfte
xcmds.sty"
Package: pdftexcmds 2020-06-27 v0.33 Utility functions of pdfTeX for LuaTeX (HO
)

("C:\Users\acamo\AppData\Local\Programs\MiKTeX 2.9\tex/generic/infwarerr\infwar
err.sty"
Package: infwarerr 2019/12/03 v1.5 Providing info/warning/error messages (HO)
)
Package pdftexcmds Info: \pdf@primitive is available.
Package pdftexcmds Info: \pdf@ifprimitive is available.
Package pdftexcmds Info: \pdfdraftmode found.
)
("C:\Users\acamo\AppData\Local\Programs\MiKTeX 2.9\tex/generic/kvdefinekeys\kvd
efinekeys.sty"
Package: kvdefinekeys 2019-12-19 v1.6 Define keys (HO)
)
("C:\Users\acamo\AppData\Local\Programs\MiKTeX 2.9\tex/generic/pdfescape\pdfesc
ape.sty"
Package: pdfescape 2019/12/09 v1.15 Implements pdfTeX's escape features (HO)
)
("C:\Users\acamo\AppData\Local\Programs\MiKTeX 2.9\tex/latex/hycolor\hycolor.st
y"
Package: hycolor 2020-01-27 v1.10 Color options for hyperref/bookmark (HO)
)
("C:\Users\acamo\AppData\Local\Programs\MiKTeX 2.9\tex/latex/letltxmacro\letltx
macro.sty"
Package: letltxmacro 2019/12/03 v1.6 Let assignment for LaTeX macros (HO)
)
("C:\Users\acamo\AppData\Local\Programs\MiKTeX 2.9\tex/latex/auxhook\auxhook.st
y"
Package: auxhook 2019-12-17 v1.6 Hooks for auxiliary files (HO)
)
\@linkdim=\dimen275
\Hy@linkcounter=\count290
\Hy@pagecounter=\count291

("C:\Users\acamo\AppData\Local\Programs\MiKTeX 2.9\tex/latex/hyperref\pd1enc.de
f"
File: pd1enc.def 2020-05-15 v7.00e Hyperref: PDFDocEncoding definition (HO)
Now handling font encoding PD1 ...
... no UTF-8 mapping file for font encoding PD1
)
("C:\Users\acamo\AppData\Local\Programs\MiKTeX 2.9\tex/generic/intcalc\intcalc.
sty"
Package: intcalc 2019/12/15 v1.3 Expandable calculations with integers (HO)
)
("C:\Users\acamo\AppData\Local\Programs\MiKTeX 2.9\tex/generic/etexcmds\etexcmd
s.sty"
Package: etexcmds 2019/12/15 v1.7 Avoid name clashes with e-TeX commands (HO)
)
\Hy@SavedSpaceFactor=\count292
Package hyperref Info: Hyper figures OFF on input line 4464.
Package hyperref Info: Link nesting OFF on input line 4469.
Package hyperref Info: Hyper index ON on input line 4472.
Package hyperref Info: Plain pages OFF on input line 4479.
Package hyperref Info: Backreferencing OFF on input line 4484.
Package hyperref Info: Implicit mode ON; LaTeX internals redefined.
Package hyperref Info: Bookmarks ON on input line 4717.
\c@Hy@tempcnt=\count293
 ("C:\Users\acamo\AppData\Local\Programs\MiKTeX 2.9\tex/latex/url\url.sty"
\Urlmuskip=\muskip17
Package: url 2013/09/16  ver 3.4  Verb mode for urls, etc.
)
LaTeX Info: Redefining \url on input line 5076.
\XeTeXLinkMargin=\dimen276

("C:\Users\acamo\AppData\Local\Programs\MiKTeX 2.9\tex/generic/bitset\bitset.st
y"
Package: bitset 2019/12/09 v1.3 Handle bit-vector datatype (HO)

("C:\Users\acamo\AppData\Local\Programs\MiKTeX 2.9\tex/generic/bigintcalc\bigin
tcalc.sty"
Package: bigintcalc 2019/12/15 v1.5 Expandable calculations on big integers (HO
)
))
\Fld@menulength=\count294
\Field@Width=\dimen277
\Fld@charsize=\dimen278
Package hyperref Info: Hyper figures OFF on input line 6347.
Package hyperref Info: Link nesting OFF on input line 6352.
Package hyperref Info: Hyper index ON on input line 6355.
Package hyperref Info: backreferencing OFF on input line 6362.
Package hyperref Info: Link coloring OFF on input line 6367.
Package hyperref Info: Link coloring with OCG OFF on input line 6372.
Package hyperref Info: PDF/A mode OFF on input line 6377.
LaTeX Info: Redefining \ref on input line 6417.
LaTeX Info: Redefining \pageref on input line 6421.

("C:\Users\acamo\AppData\Local\Programs\MiKTeX 2.9\tex/generic/atbegshi\atbegsh
i.sty"
Package: atbegshi 2019/12/05 v1.19 At begin shipout hook (HO)
)
\Hy@abspage=\count295
\c@Item=\count296
\c@Hfootnote=\count297
)
Package hyperref Info: Driver (autodetected): hpdftex.

("C:\Users\acamo\AppData\Local\Programs\MiKTeX 2.9\tex/latex/hyperref\hpdftex.d
ef"
File: hpdftex.def 2020-05-15 v7.00e Hyperref driver for pdfTeX

("C:\Users\acamo\AppData\Local\Programs\MiKTeX 2.9\tex/latex/atveryend\atveryen
d.sty"
Package: atveryend 2019-12-11 v1.11 Hooks at the very end of document (HO)
)
\Fld@listcount=\count298
\c@bookmark@seq@number=\count299

("C:\Users\acamo\AppData\Local\Programs\MiKTeX 2.9\tex/latex/rerunfilecheck\rer
unfilecheck.sty"
Package: rerunfilecheck 2019/12/05 v1.9 Rerun checks for auxiliary files (HO)

("C:\Users\acamo\AppData\Local\Programs\MiKTeX 2.9\tex/generic/uniquecounter\un
iquecounter.sty"
Package: uniquecounter 2019/12/15 v1.4 Provide unlimited unique counter (HO)
)
Package uniquecounter Info: New unique counter `rerunfilecheck' on input line 2
86.
)
\Hy@SectionHShift=\skip56
)
("C:\Users\acamo\AppData\Local\Programs\MiKTeX 2.9\tex/latex/titling\titling.st
y"
Package: titling 2009/09/04 v2.1d maketitle typesetting
\thanksmarkwidth=\skip57
\thanksmargin=\skip58
\droptitle=\skip59
)
("C:\Users\acamo\AppData\Local\Programs\MiKTeX 2.9\tex/latex/tools\longtable.st
y"
Package: longtable 2020/01/07 v4.13 Multi-page Table package (DPC)
\LTleft=\skip60
\LTright=\skip61
\LTpre=\skip62
\LTpost=\skip63
\LTchunksize=\count300
\LTcapwidth=\dimen279
\LT@head=\box77
\LT@firsthead=\box78
\LT@foot=\box79
\LT@lastfoot=\box80
\LT@cols=\count301
\LT@rows=\count302
\c@LT@tables=\count303
\c@LT@chunks=\count304
\LT@p@ftn=\toks45
)
("C:\Users\acamo\AppData\Local\Programs\MiKTeX 2.9\tex/latex/booktabs\booktabs.
sty"
Package: booktabs 2020/01/12 v1.61803398 Publication quality tables
\heavyrulewidth=\dimen280
\lightrulewidth=\dimen281
\cmidrulewidth=\dimen282
\belowrulesep=\dimen283
\belowbottomsep=\dimen284
\aboverulesep=\dimen285
\abovetopsep=\dimen286
\cmidrulesep=\dimen287
\cmidrulekern=\dimen288
\defaultaddspace=\dimen289
\@cmidla=\count305
\@cmidlb=\count306
\@aboverulesep=\dimen290
\@belowrulesep=\dimen291
\@thisruleclass=\count307
\@lastruleclass=\count308
\@thisrulewidth=\dimen292
)
("C:\Users\acamo\AppData\Local\Programs\MiKTeX 2.9\tex/latex/enumitem\enumitem.
sty"
Package: enumitem 2019/06/20 v3.9 Customized lists
\labelindent=\skip64
\enit@outerparindent=\dimen293
\enit@toks=\toks46
\enit@inbox=\box81
\enit@count@id=\count309
\enitdp@description=\count310
) ("C:\Users\acamo\AppData\Local\Programs\MiKTeX 2.9\tex/latex/ulem\ulem.sty"
\UL@box=\box82
\UL@hyphenbox=\box83
\UL@skip=\skip65
\UL@hook=\toks47
\UL@height=\dimen294
\UL@pe=\count311
\UL@pixel=\dimen295
\ULC@box=\box84
Package: ulem 2019/11/18
\ULdepth=\dimen296
)
("C:\Users\acamo\AppData\Local\Programs\MiKTeX 2.9\tex/latex/jknappen\mathrsfs.
sty"
Package: mathrsfs 1996/01/01 Math RSFS package v1.0 (jk)
\symrsfs=\mathgroup7
)
\Wrappedcontinuationbox=\box85
\Wrappedvisiblespacebox=\box86
Package hyperref Info: Option `breaklinks' set `true' on input line 360.
Package hyperref Info: Option `colorlinks' set `true' on input line 360.

("C:\Users\acamo\AppData\Local\Programs\MiKTeX 2.9\tex/latex/l3backend\l3backen
d-pdfmode.def"
File: l3backend-pdfmode.def 2020-08-07 L3 backend support: PDF mode
\l__kernel_color_stack_int=\count312
\l__pdf_internal_box=\box87
) (codigo.aux)
\openout1 = `codigo.aux'.

LaTeX Font Info:    Checking defaults for OML/cmm/m/it on input line 366.
LaTeX Font Info:    ... okay on input line 366.
LaTeX Font Info:    Checking defaults for OMS/cmsy/m/n on input line 366.
LaTeX Font Info:    ... okay on input line 366.
LaTeX Font Info:    Checking defaults for OT1/cmr/m/n on input line 366.
LaTeX Font Info:    ... okay on input line 366.
LaTeX Font Info:    Checking defaults for T1/cmr/m/n on input line 366.
LaTeX Font Info:    ... okay on input line 366.
LaTeX Font Info:    Checking defaults for TS1/cmr/m/n on input line 366.
LaTeX Font Info:    ... okay on input line 366.
LaTeX Font Info:    Checking defaults for OMX/cmex/m/n on input line 366.
LaTeX Font Info:    ... okay on input line 366.
LaTeX Font Info:    Checking defaults for U/cmr/m/n on input line 366.
LaTeX Font Info:    ... okay on input line 366.
LaTeX Font Info:    Checking defaults for PD1/pdf/m/n on input line 366.
LaTeX Font Info:    ... okay on input line 366.
LaTeX Font Info:    Trying to load font information for T1+ppl on input line 36
6.

("C:\Users\acamo\AppData\Local\Programs\MiKTeX 2.9\tex/latex/psnfss\t1ppl.fd"
File: t1ppl.fd 2001/06/04 font definitions for T1/ppl.
)
("C:\Users\acamo\AppData\Local\Programs\MiKTeX 2.9\tex/context/base/mkii\supp-p
df.mkii"
[Loading MPS to PDF converter (version 2006.09.02).]
\scratchcounter=\count313
\scratchdimen=\dimen297
\scratchbox=\box88
\nofMPsegments=\count314
\nofMParguments=\count315
\everyMPshowfont=\toks48
\MPscratchCnt=\count316
\MPscratchDim=\dimen298
\MPnumerator=\count317
\makeMPintoPDFobject=\count318
\everyMPtoPDFconversion=\toks49
)
("C:\Users\acamo\AppData\Local\Programs\MiKTeX 2.9\tex/latex/epstopdf-pkg\epsto
pdf-base.sty"
Package: epstopdf-base 2020-01-24 v2.11 Base part for package epstopdf
Package epstopdf-base Info: Redefining graphics rule for `.eps' on input line 4
85.
) ABD: EveryShipout initializing macros
Package caption Info: Begin \AtBeginDocument code.
Package caption Info: float package is loaded.
Package caption Info: hyperref package is loaded.
Package caption Info: longtable package is loaded.

("C:\Users\acamo\AppData\Local\Programs\MiKTeX 2.9\tex/latex/caption\ltcaption.
sty"
Package: ltcaption 2020/05/30 v1.4b longtable captions (AR)
)
Package caption Info: End \AtBeginDocument code.

*geometry* driver: auto-detecting
*geometry* detected driver: pdftex
*geometry* verbose mode - [ preamble ] result:
* driver: pdftex
* paper: <default>
* layout: <same size as paper>
* layoutoffset:(h,v)=(0.0pt,0.0pt)
* modes: 
* h-part:(L,W,R)=(92.14519pt, 430.00462pt, 92.14519pt)
* v-part:(T,H,B)=(95.39737pt, 556.47656pt, 143.09605pt)
* \paperwidth=614.295pt
* \paperheight=794.96999pt
* \textwidth=430.00462pt
* \textheight=556.47656pt
* \oddsidemargin=19.8752pt
* \evensidemargin=19.8752pt
* \topmargin=-13.87262pt
* \headheight=12.0pt
* \headsep=25.0pt
* \topskip=10.0pt
* \footskip=30.0pt
* \marginparwidth=65.0pt
* \marginparsep=11.0pt
* \columnsep=10.0pt
* \skip\footins=24.0pt
* \hoffset=0.0pt
* \voffset=0.0pt
* \mag=1000
* \@twocolumnfalse
* \@twosidefalse
* \@mparswitchfalse
* \@reversemarginfalse
* (1in=72.27pt=25.4mm, 1cm=28.453pt)

("C:\Users\acamo\AppData\Local\Programs\MiKTeX 2.9\tex/latex/ucs\ucsencs.def"
File: ucsencs.def 2011/01/21 Fixes to fontencodings LGR, T3
)
\AtBeginShipoutBox=\box89
Package hyperref Info: Link coloring ON on input line 366.

("C:\Users\acamo\AppData\Local\Programs\MiKTeX 2.9\tex/latex/hyperref\nameref.s
ty"
Package: nameref 2019/09/16 v2.46 Cross-referencing by name of section

("C:\Users\acamo\AppData\Local\Programs\MiKTeX 2.9\tex/latex/refcount\refcount.
sty"
Package: refcount 2019/12/15 v3.6 Data extraction from label references (HO)
)
("C:\Users\acamo\AppData\Local\Programs\MiKTeX 2.9\tex/generic/gettitlestring\g
ettitlestring.sty"
Package: gettitlestring 2019/12/15 v1.6 Cleanup title references (HO)
)
\c@section@level=\count319
)
LaTeX Info: Redefining \ref on input line 366.
LaTeX Info: Redefining \pageref on input line 366.
LaTeX Info: Redefining \nameref on input line 366.
 (codigo.out) (codigo.out)
\@outlinefile=\write8
\openout8 = `codigo.out'.

LaTeX Font Info:    Trying to load font information for OT1+ppl on input line 3
68.

("C:\Users\acamo\AppData\Local\Programs\MiKTeX 2.9\tex/latex/psnfss\ot1ppl.fd"
File: ot1ppl.fd 2001/06/04 font definitions for OT1/ppl.
)
LaTeX Font Info:    Trying to load font information for OML+zplm on input line 
368.
("C:\Users\acamo\AppData\Local\Programs\MiKTeX 2.9\tex/latex/psnfss\omlzplm.fd"
File: omlzplm.fd 2002/09/08 Fontinst v1.914 font definitions for OML/zplm.
)
LaTeX Font Info:    Trying to load font information for OMS+zplm on input line 
368.
 ("C:\Users\acamo\AppData\Local\Programs\MiKTeX 2.9\tex/latex/psnfss\omszplm.fd
"
File: omszplm.fd 2002/09/08 Fontinst v1.914 font definitions for OMS/zplm.
)
LaTeX Font Info:    Trying to load font information for OMX+zplm on input line 
368.

("C:\Users\acamo\AppData\Local\Programs\MiKTeX 2.9\tex/latex/psnfss\omxzplm.fd"
File: omxzplm.fd 2002/09/08 Fontinst v1.914 font definitions for OMX/zplm.
)
LaTeX Font Info:    Trying to load font information for OT1+zplm on input line 
368.
 ("C:\Users\acamo\AppData\Local\Programs\MiKTeX 2.9\tex/latex/psnfss\ot1zplm.fd
"
File: ot1zplm.fd 2002/09/08 Fontinst v1.914 font definitions for OT1/zplm.
)
LaTeX Font Info:    Font shape `U/msa/m/n' will be
(Font)              scaled to size 12.50409pt on input line 368.
LaTeX Font Info:    Font shape `U/msa/m/n' will be
(Font)              scaled to size 9.37807pt on input line 368.
LaTeX Font Info:    Font shape `U/msa/m/n' will be
(Font)              scaled to size 7.29405pt on input line 368.
LaTeX Font Info:    Font shape `U/msb/m/n' will be
(Font)              scaled to size 12.50409pt on input line 368.
LaTeX Font Info:    Font shape `U/msb/m/n' will be
(Font)              scaled to size 9.37807pt on input line 368.
LaTeX Font Info:    Font shape `U/msb/m/n' will be
(Font)              scaled to size 7.29405pt on input line 368.
LaTeX Font Info:    Trying to load font information for U+rsfs on input line 36
8.

("C:\Users\acamo\AppData\Local\Programs\MiKTeX 2.9\tex/latex/jknappen\ursfs.fd"
File: ursfs.fd 1998/03/24 rsfs font definition file (jk)
)

! LaTeX Error: Something's wrong--perhaps a missing \item.

See the LaTeX manual or LaTeX Companion for explanation.
Type  H <return>  for immediate help.
 ...                                              
                                                  
l.368     \maketitle
                    
Try typing  <return>  to proceed.
If that doesn't work, type  X <return>  to quit.


! LaTeX Error: Something's wrong--perhaps a missing \item.

See the LaTeX manual or LaTeX Companion for explanation.
Type  H <return>  for immediate help.
 ...                                              
                                                  
l.368     \maketitle
                    
Try typing  <return>  to proceed.
If that doesn't work, type  X <return>  to quit.


! LaTeX Error: Something's wrong--perhaps a missing \item.

See the LaTeX manual or LaTeX Companion for explanation.
Type  H <return>  for immediate help.
 ...                                              
                                                  
l.368     \maketitle
                    
Try typing  <return>  to proceed.
If that doesn't work, type  X <return>  to quit.


! LaTeX Error: Something's wrong--perhaps a missing \item.

See the LaTeX manual or LaTeX Companion for explanation.
Type  H <return>  for immediate help.
 ...                                              
                                                  
l.368     \maketitle
                    
Try typing  <return>  to proceed.
If that doesn't work, type  X <return>  to quit.


! LaTeX Error: Something's wrong--perhaps a missing \item.

See the LaTeX manual or LaTeX Companion for explanation.
Type  H <return>  for immediate help.
 ...                                              
                                                  
l.368     \maketitle
                    
Try typing  <return>  to proceed.
If that doesn't work, type  X <return>  to quit.


! LaTeX Error: Something's wrong--perhaps a missing \item.

See the LaTeX manual or LaTeX Companion for explanation.
Type  H <return>  for immediate help.
 ...                                              
                                                  
l.368     \maketitle
                    
Try typing  <return>  to proceed.
If that doesn't work, type  X <return>  to quit.

! Missing } inserted.
<inserted text> 
                }
l.368     \maketitle
                    
I've inserted something that you may have forgotten.
(See the <inserted text> above.)
With luck, this will get me unwedged. But if you
really didn't forget anything, try typing `2' now; then
my insertion and my current dilemma will both disappear.

! Missing \cr inserted.
<inserted text> 
                \cr 
l.368     \maketitle
                    
I'm guessing that you meant to end an alignment here.

! Missing { inserted.
<inserted text> 
                {
l.368     \maketitle
                    
I've put in what seems to be necessary to fix
the current column of the current alignment.
Try to go on, since this might almost work.

! Missing } inserted.
<inserted text> 
                }
l.368     \maketitle
                    
I've inserted something that you may have forgotten.
(See the <inserted text> above.)
With luck, this will get me unwedged. But if you
really didn't forget anything, try typing `2' now; then
my insertion and my current dilemma will both disappear.

! Missing $ inserted.
<inserted text> 
                $
l.368     \maketitle
                    
I've inserted something that you may have forgotten.
(See the <inserted text> above.)
With luck, this will get me unwedged. But if you
really didn't forget anything, try typing `2' now; then
my insertion and my current dilemma will both disappear.

! Missing } inserted.
<inserted text> 
                }
l.368     \maketitle
                    
I've inserted something that you may have forgotten.
(See the <inserted text> above.)
With luck, this will get me unwedged. But if you
really didn't forget anything, try typing `2' now; then
my insertion and my current dilemma will both disappear.

LaTeX Font Info:    Trying to load font information for T1+cmtt on input line 3
77.
("C:\Users\acamo\AppData\Local\Programs\MiKTeX 2.9\tex/latex/base\t1cmtt.fd"
File: t1cmtt.fd 2019/12/16 v2.5j Standard LaTeX font definitions
)
LaTeX Font Info:    Font shape `U/msa/m/n' will be
(Font)              scaled to size 5.21004pt on input line 378.
LaTeX Font Info:    Font shape `U/msb/m/n' will be
(Font)              scaled to size 5.21004pt on input line 378.
LaTeX Font Info:    Trying to load font information for TS1+cmtt on input line 
380.

("C:\Users\acamo\AppData\Local\Programs\MiKTeX 2.9\tex/latex/base\ts1cmtt.fd"
File: ts1cmtt.fd 2019/12/16 v2.5j Standard LaTeX font definitions
)
LaTeX Font Info:    Font shape `T1/cmtt/bx/n' in size <12> not available
(Font)              Font shape `T1/cmtt/m/n' tried instead on input line 413.

! Use of \end doesn't match its definition.
\@bspostauthor ->\end {
                       tabular}\par \end {center}
l.418 \end{tcolorbox}
                     
If you say, e.g., `\def\a1{...}', then you must always
put `1' after `\a', since control sequence names are
made up of letters only. The macro here has not been
followed by the required stuff, so I'm ignoring it.

! Use of \end doesn't match its definition.
\@bspostauthor ->\end {tabular}\par \end {
                                          center}
l.418 \end{tcolorbox}
                     
If you say, e.g., `\def\a1{...}', then you must always
put `1' after `\a', since control sequence names are
made up of letters only. The macro here has not been
followed by the required stuff, so I'm ignoring it.

! Extra }, or forgotten \endgroup.
\@bspostauthor ->\end {tabular}\par \end {center}
                                                 
l.418 \end{tcolorbox}
                     
I've deleted a group-closing symbol because it seems to be
spurious, as in `$x}$'. But perhaps the } is legitimate and
you forgot something else, as in `\hbox{$x}'. In such cases
the way to recover is to insert both the forgotten and the
deleted material, e.g., by typing `I$}'.

! Extra }, or forgotten \endgroup.
\pdfstringdef ...\HyPsd@LetCommand \Hy@temp #1{#2}
                                                  \endgroup \ifx #1\@empty \...
l.418 \end{tcolorbox}
                     
I've deleted a group-closing symbol because it seems to be
spurious, as in `$x}$'. But perhaps the } is legitimate and
you forgot something else, as in `\hbox{$x}'. In such cases
the way to recover is to insert both the forgotten and the
deleted material, e.g., by typing `I$}'.

[1{C:/Users/acamo/AppData/Local/MiKTeX/2.9/pdftex/config/pdftex.map}

]
LaTeX Font Info:    Trying to load font information for TS1+ppl on input line 4
20.

("C:\Users\acamo\AppData\Local\Programs\MiKTeX 2.9\tex/latex/psnfss\ts1ppl.fd"
File: ts1ppl.fd 2001/06/04 font definitions for TS1/ppl.
) [2]
<output_3_1.png, id=26, 843.15pt x 843.15pt>
File: output_3_1.png Graphic file (type png)
<use output_3_1.png>
Package pdftex.def Info: output_3_1.png  used on input line 457.
(pdftex.def)             Requested size: 843.14793pt x 843.14793pt.
 [3] [4 <./output_3_1.png>]
<output_5_0.png, id=36, 843.15pt x 843.15pt>
File: output_5_0.png Graphic file (type png)
<use output_5_0.png>
Package pdftex.def Info: output_5_0.png  used on input line 493.
(pdftex.def)             Requested size: 843.14793pt x 843.14793pt.
 [5 <./output_5_0.png>]
<output_6_0.png, id=41, 843.15pt x 843.15pt>
File: output_6_0.png Graphic file (type png)
<use output_6_0.png>
Package pdftex.def Info: output_6_0.png  used on input line 508.
(pdftex.def)             Requested size: 843.14793pt x 843.14793pt.
 [6 <./output_6_0.png>]
<output_7_1.png, id=46, 843.15pt x 843.15pt>
File: output_7_1.png Graphic file (type png)
<use output_7_1.png>
Package pdftex.def Info: output_7_1.png  used on input line 529.
(pdftex.def)             Requested size: 843.14793pt x 843.14793pt.

[7 <./output_7_1.png>]

! LaTeX Error: \begin{center} on input line 368 ended by \end{document}.

See the LaTeX manual or LaTeX Companion for explanation.
Type  H <return>  for immediate help.
 ...                                              
                                                  
l.538 \end{document}
                    
Your command was ignored.
Type  I <command> <return>  to replace it with another command,
or  <return>  to continue without it.

Package atveryend Info: Empty hook `BeforeClearDocument' on input line 538.
Package atveryend Info: Empty hook `AfterLastShipout' on input line 538.
(codigo.aux)
Package atveryend Info: Executing hook `AtVeryEndDocument' on input line 538.
Package atveryend Info: Executing hook `AtEndAfterFileList' on input line 538.
Package rerunfilecheck Info: File `codigo.out' has not changed.
(rerunfilecheck)             Checksum: BF83232788C9FA73A9AC4254AAC74104;58.
 )
(\end occurred inside a group at level 3)

### semi simple group (level 3) entered at line 368 (\begingroup)
### simple group (level 2) entered at line 368 ({)
### semi simple group (level 1) entered at line 368 (\begingroup)
### bottom level 
Here is how much of TeX's memory you used:
 21668 strings out of 481178
 398801 string characters out of 2902470
 665140 words of memory out of 3000000
 36789 multiletter control sequences out of 15000+200000
 558495 words of font info for 85 fonts, out of 3000000 for 9000
 1141 hyphenation exceptions out of 8191
 59i,8n,75p,887b,737s stack positions out of 5000i,500n,10000p,200000b,50000s
{C:/Users/acamo/AppData/Local/Programs/MiKTeX 2.9/fonts/enc/dvi
ps/base/8r.enc} <C:\Users\acamo\AppData\Local\MiKTeX\2.9\fonts/pk/ljfour/jknapp
en/ec/dpi600\tctt1200.pk> <C:\Users\acamo\AppData\Local\MiKTeX\2.9\fonts/pk/ljf
our/jknappen/ec/dpi600\ectt1200.pk><C:/Users/acamo/AppData/Local/Programs/MiKTe
X 2.9/fonts/type1/public/amsfonts/cm/cmmi10.pfb><C:/Users/acamo/AppData/Local/P
rograms/MiKTeX 2.9/fonts/type1/public/amsfonts/cm/cmsy10.pfb><C:/Users/acamo/Ap
pData/Local/Programs/MiKTeX 2.9/fonts/type1/urw/palatino/uplb8a.pfb><C:/Users/a
camo/AppData/Local/Programs/MiKTeX 2.9/fonts/type1/urw/palatino/uplr8a.pfb><C:/
Users/acamo/AppData/Local/Programs/MiKTeX 2.9/fonts/type1/urw/palatino/uplri8a.
pfb>
Output written on codigo.pdf (7 pages, 180818 bytes).
PDF statistics:
 148 PDF objects out of 1000 (max. 8388607)
 10 named destinations out of 1000 (max. 500000)
 41 words of extra memory for PDF output out of 10000 (max. 10000000)

